Build started 3/27/2015 11:56:48 AM.
     1>Project "C:\Users\George\Documents\GitHub\CS3113\Assignments\TestFood\TestFood\TestFood.vcxproj" on node 2 (Build target(s)).
     1>ClCompile:
         C:\Program Files (x86)\Microsoft Visual Studio 12.0\VC\bin\CL.exe /c /I"C:\Program Files\PostgreSQL\9.4\include" /ZI /nologo /W3 /WX- /sdl /Od /Oy- /D WIN32 /D _DEBUG /D _CONSOLE /D _LIB /D _UNICODE /D UNICODE /Gm /EHsc /RTC1 /MDd /GS /fp:precise /Zc:wchar_t /Zc:forScope /Yu"stdafx.h" /Fp"Debug\TestFood.pch" /Fo"Debug\\" /Fd"Debug\vc120.pdb" /Gd /TP /analyze- /errorReport:prompt TestFood.cpp
         TestFood.cpp
     1>c:\users\george\documents\github\cs3113\assignments\testfood\testfood\testfood.cpp(26): warning C4101: 'i' : unreferenced local variable
     1>c:\users\george\documents\github\cs3113\assignments\testfood\testfood\testfood.cpp(27): warning C4101: 'j' : unreferenced local variable
     1>c:\users\george\documents\github\cs3113\assignments\testfood\testfood\testfood.cpp(25): warning C4101: 'nFields' : unreferenced local variable
       Link:
         C:\Program Files (x86)\Microsoft Visual Studio 12.0\VC\bin\link.exe /ERRORREPORT:PROMPT /OUT:"C:\Users\George\Documents\GitHub\CS3113\Assignments\TestFood\Debug\TestFood.exe" /INCREMENTAL /NOLOGO /LIBPATH:"C:\Program Files\PostgreSQL\9.4\lib" libpq.lib kernel32.lib user32.lib gdi32.lib winspool.lib comdlg32.lib advapi32.lib shell32.lib ole32.lib oleaut32.lib uuid.lib odbc32.lib odbccp32.lib /MANIFEST /MANIFESTUAC:"level='asInvoker' uiAccess='false'" /manifest:embed /DEBUG /PDB:"C:\Users\George\Documents\GitHub\CS3113\Assignments\TestFood\Debug\TestFood.pdb" /SUBSYSTEM:CONSOLE /TLBID:1 /DYNAMICBASE /NXCOMPAT /IMPLIB:"C:\Users\George\Documents\GitHub\CS3113\Assignments\TestFood\Debug\TestFood.lib" /MACHINE:X86 Debug\stdafx.obj
         Debug\TestFood.obj
     1>TestFood.obj : error LNK2019: unresolved external symbol _PQconnectdb referenced in function _main
     1>TestFood.obj : error LNK2019: unresolved external symbol _PQfinish referenced in function "void __cdecl exit_nicely(struct pg_conn *)" (?exit_nicely@@YAXPAUpg_conn@@@Z)
     1>TestFood.obj : error LNK2019: unresolved external symbol _PQstatus referenced in function _main
     1>TestFood.obj : error LNK2019: unresolved external symbol _PQerrorMessage referenced in function _main
     1>TestFood.obj : error LNK2019: unresolved external symbol _PQexec referenced in function _main
     1>TestFood.obj : error LNK2019: unresolved external symbol _PQclear referenced in function _main
     1>C:\Users\George\Documents\GitHub\CS3113\Assignments\TestFood\Debug\TestFood.exe : fatal error LNK1120: 6 unresolved externals
     1>Done Building Project "C:\Users\George\Documents\GitHub\CS3113\Assignments\TestFood\TestFood\TestFood.vcxproj" (Build target(s)) -- FAILED.

Build FAILED.

Time Elapsed 00:00:00.43
